-- Found ament_cmake: 1.3.10 (/opt/ros/humble/share/ament_cmake/cmake)
-- Found rclcpp: 16.0.10 (/opt/ros/humble/share/rclcpp/cmake)
-- Found rosidl_generator_c: 3.1.5 (/opt/ros/humble/share/rosidl_generator_c/cmake)
-- Found rosidl_adapter: 3.1.5 (/opt/ros/humble/share/rosidl_adapter/cmake)
-- Found rosidl_generator_cpp: 3.1.5 (/opt/ros/humble/share/rosidl_generator_cpp/cmake)
-- Using all available rosidl_typesupport_c: rosidl_typesupport_fastrtps_c;rosidl_typesupport_introspection_c
-- Using all available rosidl_typesupport_cpp: rosidl_typesupport_fastrtps_cpp;rosidl_typesupport_introspection_cpp
-- Found rmw_implementation_cmake: 6.1.2 (/opt/ros/humble/share/rmw_implementation_cmake/cmake)
-- Found rmw_fastrtps_cpp: 6.2.7 (/opt/ros/humble/share/rmw_fastrtps_cpp/cmake)
-- Using RMW implementation 'rmw_fastrtps_cpp' as default
-- Found sensor_msgs: 4.2.4 (/opt/ros/humble/share/sensor_msgs/cmake)
-- Found ament_lint_auto: 0.12.11 (/opt/ros/humble/share/ament_lint_auto/cmake)
-- Added test 'cppcheck' to perform static code analysis on C / C++ code
-- Configured cppcheck include dirs: /home/hkn/mpu9250_ws/src/mpu9250_publisher/include
-- Configured cppcheck exclude dirs and/or files: 
-- Added test 'lint_cmake' to check CMake code style
-- Added test 'uncrustify' to check C / C++ code style
-- Configured uncrustify additional arguments: 
-- Added test 'xmllint' to check XML markup files
-- Configuring done
-- Generating done
-- Build files have been written to: /home/hkn/mpu9250_ws/src/build/mpu9250_publisher
[ 33%] [32mBuilding CXX object CMakeFiles/mpu9250.dir/src/mpu9250.cpp.o[0m
[ 66%] [32mBuilding CXX object CMakeFiles/mpu9250.dir/src/mpu9250_publisher_node.cpp.o[0m
In file included from [01m[K/opt/ros/humble/include/rclcpp/rclcpp/logging.hpp:24[m[K,
                 from [01m[K/opt/ros/humble/include/rclcpp/rclcpp/client.hpp:40[m[K,
                 from [01m[K/opt/ros/humble/include/rclcpp/rclcpp/callback_group.hpp:24[m[K,
                 from [01m[K/opt/ros/humble/include/rclcpp/rclcpp/any_executable.hpp:20[m[K,
                 from [01m[K/opt/ros/humble/include/rclcpp/rclcpp/memory_strategy.hpp:25[m[K,
                 from [01m[K/opt/ros/humble/include/rclcpp/rclcpp/memory_strategies.hpp:18[m[K,
                 from [01m[K/opt/ros/humble/include/rclcpp/rclcpp/executor_options.hpp:20[m[K,
                 from [01m[K/opt/ros/humble/include/rclcpp/rclcpp/executor.hpp:37[m[K,
                 from [01m[K/opt/ros/humble/include/rclcpp/rclcpp/executors/multi_threaded_executor.hpp:25[m[K,
                 from [01m[K/opt/ros/humble/include/rclcpp/rclcpp/executors.hpp:21[m[K,
                 from [01m[K/opt/ros/humble/include/rclcpp/rclcpp/rclcpp.hpp:155[m[K,
                 from [01m[K/home/hkn/mpu9250_ws/src/mpu9250_publisher/src/mpu9250_publisher_node.cpp:4[m[K:
[01m[K/home/hkn/mpu9250_ws/src/mpu9250_publisher/src/mpu9250_publisher_node.cpp:[m[K In member function ‘[01m[Kvoid MPU9250Publisher::publish_imu_data()[m[K’:
[01m[K/home/hkn/mpu9250_ws/src/mpu9250_publisher/src/mpu9250_publisher_node.cpp:34:37:[m[K [01;35m[Kwarning: [m[Kformat ‘[01m[K%s[m[K’ expects argument of type ‘[01m[Kchar*[m[K’, but argument 5 has type ‘[01m[Ksensor_msgs::msg::Imu_<std::allocator<void> >[m[K’ [[01;35m[K]8;;https://gcc.gnu.org/onlinedocs/gcc/Warning-Options.html#index-Wformat=-Wformat=]8;;[m[K]
   34 |     RCLCPP_INFO(this->get_logger(), [01;35m[K"Publishing: '%s'"[m[K, message);
      |                                     [01;35m[K^~~~~~~~~~~~~~~~~~[m[K
[01m[K/home/hkn/mpu9250_ws/src/mpu9250_publisher/src/mpu9250_publisher_node.cpp:34:52:[m[K [01;36m[Knote: [m[Kformat string is defined here
   34 |     RCLCPP_INFO(this->get_logger(), "Publishing: '[01;36m[K%s[m[K'", message);
      |                                                   [01;36m[K~^[m[K
      |                                                    [01;36m[K|[m[K
      |                                                    [01;36m[Kchar*[m[K
[100%] [32m[1mLinking CXX executable mpu9250[0m
[100%] Built target mpu9250
-- Install configuration: ""
-- Installing: /home/hkn/mpu9250_ws/src/install/mpu9250_publisher/lib/mpu9250_publisher/mpu9250
-- Set runtime path of "/home/hkn/mpu9250_ws/src/install/mpu9250_publisher/lib/mpu9250_publisher/mpu9250" to ""
-- Installing: /home/hkn/mpu9250_ws/src/install/mpu9250_publisher/include/mpu9250_publisher
-- Installing: /home/hkn/mpu9250_ws/src/install/mpu9250_publisher/include/mpu9250_publisher/mpu9250_publisher
-- Installing: /home/hkn/mpu9250_ws/src/install/mpu9250_publisher/include/mpu9250_publisher/mpu9250_publisher/mpu9250.hpp
-- Installing: /home/hkn/mpu9250_ws/src/install/mpu9250_publisher/share/ament_index/resource_index/package_run_dependencies/mpu9250_publisher
-- Installing: /home/hkn/mpu9250_ws/src/install/mpu9250_publisher/share/ament_index/resource_index/parent_prefix_path/mpu9250_publisher
-- Installing: /home/hkn/mpu9250_ws/src/install/mpu9250_publisher/share/mpu9250_publisher/environment/ament_prefix_path.sh
-- Installing: /home/hkn/mpu9250_ws/src/install/mpu9250_publisher/share/mpu9250_publisher/environment/ament_prefix_path.dsv
-- Installing: /home/hkn/mpu9250_ws/src/install/mpu9250_publisher/share/mpu9250_publisher/environment/path.sh
-- Installing: /home/hkn/mpu9250_ws/src/install/mpu9250_publisher/share/mpu9250_publisher/environment/path.dsv
-- Installing: /home/hkn/mpu9250_ws/src/install/mpu9250_publisher/share/mpu9250_publisher/local_setup.bash
-- Installing: /home/hkn/mpu9250_ws/src/install/mpu9250_publisher/share/mpu9250_publisher/local_setup.sh
-- Installing: /home/hkn/mpu9250_ws/src/install/mpu9250_publisher/share/mpu9250_publisher/local_setup.zsh
-- Installing: /home/hkn/mpu9250_ws/src/install/mpu9250_publisher/share/mpu9250_publisher/local_setup.dsv
-- Installing: /home/hkn/mpu9250_ws/src/install/mpu9250_publisher/share/mpu9250_publisher/package.dsv
-- Installing: /home/hkn/mpu9250_ws/src/install/mpu9250_publisher/share/ament_index/resource_index/packages/mpu9250_publisher
-- Installing: /home/hkn/mpu9250_ws/src/install/mpu9250_publisher/share/mpu9250_publisher/cmake/mpu9250_publisherConfig.cmake
-- Installing: /home/hkn/mpu9250_ws/src/install/mpu9250_publisher/share/mpu9250_publisher/cmake/mpu9250_publisherConfig-version.cmake
-- Installing: /home/hkn/mpu9250_ws/src/install/mpu9250_publisher/share/mpu9250_publisher/package.xml
