[0.013s] Invoking command in '/home/hkn/mpu9250_ws/src/build/mpu9250_publisher': CMAKE_PREFIX_PATH=/opt/ros/humble /usr/bin/cmake --build /home/hkn/mpu9250_ws/src/build/mpu9250_publisher -- -j8 -l8
[0.044s] -- Found ament_cmake: 1.3.10 (/opt/ros/humble/share/ament_cmake/cmake)
[0.203s] -- Found rclcpp: 16.0.10 (/opt/ros/humble/share/rclcpp/cmake)
[0.253s] -- Found rosidl_generator_c: 3.1.5 (/opt/ros/humble/share/rosidl_generator_c/cmake)
[0.257s] -- Found rosidl_adapter: 3.1.5 (/opt/ros/humble/share/rosidl_adapter/cmake)
[0.265s] -- Found rosidl_generator_cpp: 3.1.5 (/opt/ros/humble/share/rosidl_generator_cpp/cmake)
[0.278s] -- Using all available rosidl_typesupport_c: rosidl_typesupport_fastrtps_c;rosidl_typesupport_introspection_c
[0.294s] -- Using all available rosidl_typesupport_cpp: rosidl_typesupport_fastrtps_cpp;rosidl_typesupport_introspection_cpp
[0.338s] -- Found rmw_implementation_cmake: 6.1.2 (/opt/ros/humble/share/rmw_implementation_cmake/cmake)
[0.340s] -- Found rmw_fastrtps_cpp: 6.2.7 (/opt/ros/humble/share/rmw_fastrtps_cpp/cmake)
[0.461s] -- Using RMW implementation 'rmw_fastrtps_cpp' as default
[0.530s] -- Found sensor_msgs: 4.2.4 (/opt/ros/humble/share/sensor_msgs/cmake)
[0.569s] -- Found ament_lint_auto: 0.12.11 (/opt/ros/humble/share/ament_lint_auto/cmake)
[0.655s] -- Added test 'cppcheck' to perform static code analysis on C / C++ code
[0.655s] -- Configured cppcheck include dirs: /home/hkn/mpu9250_ws/src/mpu9250_publisher/include
[0.655s] -- Configured cppcheck exclude dirs and/or files: 
[0.656s] -- Added test 'lint_cmake' to check CMake code style
[0.657s] -- Added test 'uncrustify' to check C / C++ code style
[0.658s] -- Configured uncrustify additional arguments: 
[0.658s] -- Added test 'xmllint' to check XML markup files
[0.659s] -- Configuring done
[0.672s] -- Generating done
[0.673s] -- Build files have been written to: /home/hkn/mpu9250_ws/src/build/mpu9250_publisher
[0.728s] [ 33%] [32mBuilding CXX object CMakeFiles/mpu9250.dir/src/mpu9250.cpp.o[0m
[0.728s] [ 66%] [32mBuilding CXX object CMakeFiles/mpu9250.dir/src/mpu9250_publisher_node.cpp.o[0m
[3.613s] In file included from [01m[K/opt/ros/humble/include/rclcpp/rclcpp/logging.hpp:24[m[K,
[3.613s]                  from [01m[K/opt/ros/humble/include/rclcpp/rclcpp/client.hpp:40[m[K,
[3.613s]                  from [01m[K/opt/ros/humble/include/rclcpp/rclcpp/callback_group.hpp:24[m[K,
[3.614s]                  from [01m[K/opt/ros/humble/include/rclcpp/rclcpp/any_executable.hpp:20[m[K,
[3.614s]                  from [01m[K/opt/ros/humble/include/rclcpp/rclcpp/memory_strategy.hpp:25[m[K,
[3.614s]                  from [01m[K/opt/ros/humble/include/rclcpp/rclcpp/memory_strategies.hpp:18[m[K,
[3.614s]                  from [01m[K/opt/ros/humble/include/rclcpp/rclcpp/executor_options.hpp:20[m[K,
[3.614s]                  from [01m[K/opt/ros/humble/include/rclcpp/rclcpp/executor.hpp:37[m[K,
[3.614s]                  from [01m[K/opt/ros/humble/include/rclcpp/rclcpp/executors/multi_threaded_executor.hpp:25[m[K,
[3.614s]                  from [01m[K/opt/ros/humble/include/rclcpp/rclcpp/executors.hpp:21[m[K,
[3.614s]                  from [01m[K/opt/ros/humble/include/rclcpp/rclcpp/rclcpp.hpp:155[m[K,
[3.614s]                  from [01m[K/home/hkn/mpu9250_ws/src/mpu9250_publisher/src/mpu9250_publisher_node.cpp:4[m[K:
[3.614s] [01m[K/home/hkn/mpu9250_ws/src/mpu9250_publisher/src/mpu9250_publisher_node.cpp:[m[K In member function ‘[01m[Kvoid MPU9250Publisher::publish_imu_data()[m[K’:
[3.614s] [01m[K/home/hkn/mpu9250_ws/src/mpu9250_publisher/src/mpu9250_publisher_node.cpp:34:37:[m[K [01;35m[Kwarning: [m[Kformat ‘[01m[K%s[m[K’ expects argument of type ‘[01m[Kchar*[m[K’, but argument 5 has type ‘[01m[Ksensor_msgs::msg::Imu_<std::allocator<void> >[m[K’ [[01;35m[K]8;;https://gcc.gnu.org/onlinedocs/gcc/Warning-Options.html#index-Wformat=-Wformat=]8;;[m[K]
[3.615s]    34 |     RCLCPP_INFO(this->get_logger(), [01;35m[K"Publishing: '%s'"[m[K, message);
[3.615s]       |                                     [01;35m[K^~~~~~~~~~~~~~~~~~[m[K
[3.615s] [01m[K/home/hkn/mpu9250_ws/src/mpu9250_publisher/src/mpu9250_publisher_node.cpp:34:52:[m[K [01;36m[Knote: [m[Kformat string is defined here
[3.615s]    34 |     RCLCPP_INFO(this->get_logger(), "Publishing: '[01;36m[K%s[m[K'", message);
[3.615s]       |                                                   [01;36m[K~^[m[K
[3.615s]       |                                                    [01;36m[K|[m[K
[3.615s]       |                                                    [01;36m[Kchar*[m[K
[6.014s] [100%] [32m[1mLinking CXX executable mpu9250[0m
[6.350s] [100%] Built target mpu9250
[6.363s] Invoked command in '/home/hkn/mpu9250_ws/src/build/mpu9250_publisher' returned '0': CMAKE_PREFIX_PATH=/opt/ros/humble /usr/bin/cmake --build /home/hkn/mpu9250_ws/src/build/mpu9250_publisher -- -j8 -l8
[6.408s] Invoking command in '/home/hkn/mpu9250_ws/src/build/mpu9250_publisher': CMAKE_PREFIX_PATH=/opt/ros/humble /usr/bin/cmake --install /home/hkn/mpu9250_ws/src/build/mpu9250_publisher
[6.416s] -- Install configuration: ""
[6.417s] -- Installing: /home/hkn/mpu9250_ws/src/install/mpu9250_publisher/lib/mpu9250_publisher/mpu9250
[6.418s] -- Set runtime path of "/home/hkn/mpu9250_ws/src/install/mpu9250_publisher/lib/mpu9250_publisher/mpu9250" to ""
[6.418s] -- Installing: /home/hkn/mpu9250_ws/src/install/mpu9250_publisher/include/mpu9250_publisher
[6.418s] -- Installing: /home/hkn/mpu9250_ws/src/install/mpu9250_publisher/include/mpu9250_publisher/mpu9250_publisher
[6.418s] -- Installing: /home/hkn/mpu9250_ws/src/install/mpu9250_publisher/include/mpu9250_publisher/mpu9250_publisher/mpu9250.hpp
[6.418s] -- Installing: /home/hkn/mpu9250_ws/src/install/mpu9250_publisher/share/ament_index/resource_index/package_run_dependencies/mpu9250_publisher
[6.419s] -- Installing: /home/hkn/mpu9250_ws/src/install/mpu9250_publisher/share/ament_index/resource_index/parent_prefix_path/mpu9250_publisher
[6.419s] -- Installing: /home/hkn/mpu9250_ws/src/install/mpu9250_publisher/share/mpu9250_publisher/environment/ament_prefix_path.sh
[6.419s] -- Installing: /home/hkn/mpu9250_ws/src/install/mpu9250_publisher/share/mpu9250_publisher/environment/ament_prefix_path.dsv
[6.419s] -- Installing: /home/hkn/mpu9250_ws/src/install/mpu9250_publisher/share/mpu9250_publisher/environment/path.sh
[6.419s] -- Installing: /home/hkn/mpu9250_ws/src/install/mpu9250_publisher/share/mpu9250_publisher/environment/path.dsv
[6.420s] -- Installing: /home/hkn/mpu9250_ws/src/install/mpu9250_publisher/share/mpu9250_publisher/local_setup.bash
[6.420s] -- Installing: /home/hkn/mpu9250_ws/src/install/mpu9250_publisher/share/mpu9250_publisher/local_setup.sh
[6.420s] -- Installing: /home/hkn/mpu9250_ws/src/install/mpu9250_publisher/share/mpu9250_publisher/local_setup.zsh
[6.420s] -- Installing: /home/hkn/mpu9250_ws/src/install/mpu9250_publisher/share/mpu9250_publisher/local_setup.dsv
[6.421s] -- Installing: /home/hkn/mpu9250_ws/src/install/mpu9250_publisher/share/mpu9250_publisher/package.dsv
[6.421s] -- Installing: /home/hkn/mpu9250_ws/src/install/mpu9250_publisher/share/ament_index/resource_index/packages/mpu9250_publisher
[6.421s] -- Installing: /home/hkn/mpu9250_ws/src/install/mpu9250_publisher/share/mpu9250_publisher/cmake/mpu9250_publisherConfig.cmake
[6.421s] -- Installing: /home/hkn/mpu9250_ws/src/install/mpu9250_publisher/share/mpu9250_publisher/cmake/mpu9250_publisherConfig-version.cmake
[6.421s] -- Installing: /home/hkn/mpu9250_ws/src/install/mpu9250_publisher/share/mpu9250_publisher/package.xml
[6.424s] Invoked command in '/home/hkn/mpu9250_ws/src/build/mpu9250_publisher' returned '0': CMAKE_PREFIX_PATH=/opt/ros/humble /usr/bin/cmake --install /home/hkn/mpu9250_ws/src/build/mpu9250_publisher
