[01m[K/home/hkn/mpu9250_ws/src/mpu9250_publisher/src/mpu9250_publisher_node.cpp:[m[K In constructor ‘[01m[KMPU9250Publisher::MPU9250Publisher()[m[K’:
[01m[K/home/hkn/mpu9250_ws/src/mpu9250_publisher/src/mpu9250_publisher_node.cpp:33:14:[m[K [01;31m[Kerror: [m[K‘[01m[Kclass std::shared_ptr<MPU9250>[m[K’ has no member named ‘[01m[KreadAccelData[m[K’
   33 |     mpu9250_.[01;31m[KreadAccelData[m[K(/*accelX, accelY, accelZ*/);
      |              [01;31m[K^~~~~~~~~~~~~[m[K
[01m[K/home/hkn/mpu9250_ws/src/mpu9250_publisher/src/mpu9250_publisher_node.cpp:34:14:[m[K [01;31m[Kerror: [m[K‘[01m[Kclass std::shared_ptr<MPU9250>[m[K’ has no member named ‘[01m[KreadGyroData[m[K’
   34 |     mpu9250_.[01;31m[KreadGyroData[m[K(/*gyroX, gyroY, gyroZ*/);
      |              [01;31m[K^~~~~~~~~~~~[m[K
[01m[K/home/hkn/mpu9250_ws/src/mpu9250_publisher/src/mpu9250_publisher_node.cpp:35:14:[m[K [01;31m[Kerror: [m[K‘[01m[Kclass std::shared_ptr<MPU9250>[m[K’ has no member named ‘[01m[KreadMagnetometerData[m[K’
   35 |     mpu9250_.[01;31m[KreadMagnetometerData[m[K(/*magX, magY, magZ*/);
      |              [01;31m[K^~~~~~~~~~~~~~~~~~~~[m[K
[01m[K/home/hkn/mpu9250_ws/src/mpu9250_publisher/src/mpu9250_publisher_node.cpp:[m[K In member function ‘[01m[Kvoid MPU9250Publisher::publish_imu_data()[m[K’:
[01m[K/home/hkn/mpu9250_ws/src/mpu9250_publisher/src/mpu9250_publisher_node.cpp:43:47:[m[K [01;31m[Kerror: [m[K‘[01m[Kclass std::shared_ptr<MPU9250>[m[K’ has no member named ‘[01m[KgetAccX[m[K’
   43 |     message.linear_acceleration.x =  mpu9250_.[01;31m[KgetAccX[m[K();
      |                                               [01;31m[K^~~~~~~[m[K
[01m[K/home/hkn/mpu9250_ws/src/mpu9250_publisher/src/mpu9250_publisher_node.cpp:44:47:[m[K [01;31m[Kerror: [m[K‘[01m[Kclass std::shared_ptr<MPU9250>[m[K’ has no member named ‘[01m[KgetAccY[m[K’
   44 |     message.linear_acceleration.y =  mpu9250_.[01;31m[KgetAccY[m[K();
      |                                               [01;31m[K^~~~~~~[m[K
[01m[K/home/hkn/mpu9250_ws/src/mpu9250_publisher/src/mpu9250_publisher_node.cpp:45:47:[m[K [01;31m[Kerror: [m[K‘[01m[Kclass std::shared_ptr<MPU9250>[m[K’ has no member named ‘[01m[KgetAccZ[m[K’
   45 |     message.linear_acceleration.z =  mpu9250_.[01;31m[KgetAccZ[m[K();
      |                                               [01;31m[K^~~~~~~[m[K
[01m[K/home/hkn/mpu9250_ws/src/mpu9250_publisher/src/mpu9250_publisher_node.cpp:47:43:[m[K [01;31m[Kerror: [m[K‘[01m[Kclass std::shared_ptr<MPU9250>[m[K’ has no member named ‘[01m[KgetGyroX[m[K’
   47 |     message.angular_velocity.x = mpu9250_.[01;31m[KgetGyroX[m[K();
      |                                           [01;31m[K^~~~~~~~[m[K
[01m[K/home/hkn/mpu9250_ws/src/mpu9250_publisher/src/mpu9250_publisher_node.cpp:48:43:[m[K [01;31m[Kerror: [m[K‘[01m[Kclass std::shared_ptr<MPU9250>[m[K’ has no member named ‘[01m[KgetGyroY[m[K’
   48 |     message.angular_velocity.y = mpu9250_.[01;31m[KgetGyroY[m[K();
      |                                           [01;31m[K^~~~~~~~[m[K
[01m[K/home/hkn/mpu9250_ws/src/mpu9250_publisher/src/mpu9250_publisher_node.cpp:49:43:[m[K [01;31m[Kerror: [m[K‘[01m[Kclass std::shared_ptr<MPU9250>[m[K’ has no member named ‘[01m[KgetGyroZ[m[K’
   49 |     message.angular_velocity.z = mpu9250_.[01;31m[KgetGyroZ[m[K();
      |                                           [01;31m[K^~~~~~~~[m[K
[01m[K/home/hkn/mpu9250_ws/src/mpu9250_publisher/src/mpu9250_publisher_node.cpp:[m[K In member function ‘[01m[Kvoid MPU9250Publisher::publish_mag_data()[m[K’:
[01m[K/home/hkn/mpu9250_ws/src/mpu9250_publisher/src/mpu9250_publisher_node.cpp:58:41:[m[K [01;31m[Kerror: [m[K‘[01m[Kclass std::shared_ptr<MPU9250>[m[K’ has no member named ‘[01m[KgetMagX[m[K’
   58 |     magneto.magnetic_field.x = mpu9250_.[01;31m[KgetMagX[m[K();
      |                                         [01;31m[K^~~~~~~[m[K
[01m[K/home/hkn/mpu9250_ws/src/mpu9250_publisher/src/mpu9250_publisher_node.cpp:59:41:[m[K [01;31m[Kerror: [m[K‘[01m[Kclass std::shared_ptr<MPU9250>[m[K’ has no member named ‘[01m[KgetMagY[m[K’
   59 |     magneto.magnetic_field.y = mpu9250_.[01;31m[KgetMagY[m[K();
      |                                         [01;31m[K^~~~~~~[m[K
[01m[K/home/hkn/mpu9250_ws/src/mpu9250_publisher/src/mpu9250_publisher_node.cpp:60:41:[m[K [01;31m[Kerror: [m[K‘[01m[Kclass std::shared_ptr<MPU9250>[m[K’ has no member named ‘[01m[KgetMagZ[m[K’
   60 |     magneto.magnetic_field.z = mpu9250_.[01;31m[KgetMagZ[m[K();
      |                                         [01;31m[K^~~~~~~[m[K
gmake[2]: *** [CMakeFiles/mpu9250.dir/build.make:76: CMakeFiles/mpu9250.dir/src/mpu9250_publisher_node.cpp.o] Error 1
gmake[1]: *** [CMakeFiles/Makefile2:137: CMakeFiles/mpu9250.dir/all] Error 2
gmake: *** [Makefile:146: all] Error 2
