[0.012s] Invoking command in '/home/hkn/mpu9250_ws/src/build/mpu9250_publisher': CMAKE_PREFIX_PATH=/opt/ros/humble /usr/bin/cmake /home/hkn/mpu9250_ws/src/mpu9250_publisher -DCMAKE_INSTALL_PREFIX=/home/hkn/mpu9250_ws/src/install/mpu9250_publisher
[0.029s] -- Found ament_cmake: 1.3.10 (/opt/ros/humble/share/ament_cmake/cmake)
[0.181s] -- Found rclcpp: 16.0.10 (/opt/ros/humble/share/rclcpp/cmake)
[0.222s] -- Found rosidl_generator_c: 3.1.5 (/opt/ros/humble/share/rosidl_generator_c/cmake)
[0.226s] -- Found rosidl_adapter: 3.1.5 (/opt/ros/humble/share/rosidl_adapter/cmake)
[0.236s] -- Found rosidl_generator_cpp: 3.1.5 (/opt/ros/humble/share/rosidl_generator_cpp/cmake)
[0.248s] -- Using all available rosidl_typesupport_c: rosidl_typesupport_fastrtps_c;rosidl_typesupport_introspection_c
[0.263s] -- Using all available rosidl_typesupport_cpp: rosidl_typesupport_fastrtps_cpp;rosidl_typesupport_introspection_cpp
[0.308s] -- Found rmw_implementation_cmake: 6.1.2 (/opt/ros/humble/share/rmw_implementation_cmake/cmake)
[0.310s] -- Found rmw_fastrtps_cpp: 6.2.7 (/opt/ros/humble/share/rmw_fastrtps_cpp/cmake)
[0.427s] -- Using RMW implementation 'rmw_fastrtps_cpp' as default
[0.489s] -- Found sensor_msgs: 4.2.4 (/opt/ros/humble/share/sensor_msgs/cmake)
[0.528s] -- Found ament_lint_auto: 0.12.11 (/opt/ros/humble/share/ament_lint_auto/cmake)
[0.608s] -- Added test 'cppcheck' to perform static code analysis on C / C++ code
[0.608s] -- Configured cppcheck include dirs: 
[0.608s] -- Configured cppcheck exclude dirs and/or files: 
[0.609s] -- Added test 'lint_cmake' to check CMake code style
[0.611s] -- Added test 'uncrustify' to check C / C++ code style
[0.611s] -- Configured uncrustify additional arguments: 
[0.612s] -- Added test 'xmllint' to check XML markup files
[0.613s] -- Configuring done
[0.616s] [31mCMake Error at CMakeLists.txt:13 (add_executable):
[0.616s]   Cannot find source file:
[0.616s] 
[0.616s]     mpu9250_publisher_node.cpp
[0.616s] 
[0.616s]   Tried extensions .c .C .c++ .cc .cpp .cxx .cu .mpp .m .M .mm .ixx .cppm .h
[0.616s]   .hh .h++ .hm .hpp .hxx .in .txx .f .F .for .f77 .f90 .f95 .f03 .hip .ispc
[0.616s] 
[0.616s] [0m
[0.617s] [31mCMake Error at CMakeLists.txt:13 (add_executable):
[0.617s]   No SOURCES given to target: mpu9250
[0.617s] 
[0.617s] [0m
[0.617s] [0mCMake Generate step failed.  Build files cannot be regenerated correctly.[0m
[0.626s] Invoked command in '/home/hkn/mpu9250_ws/src/build/mpu9250_publisher' returned '1': CMAKE_PREFIX_PATH=/opt/ros/humble /usr/bin/cmake /home/hkn/mpu9250_ws/src/mpu9250_publisher -DCMAKE_INSTALL_PREFIX=/home/hkn/mpu9250_ws/src/install/mpu9250_publisher
