[35m[1mConsolidate compiler generated dependencies of target mpu9250[0m
[ 33%] [32mBuilding CXX object CMakeFiles/mpu9250.dir/src/mpu9250_publisher_node.cpp.o[0m
In file included from [01m[K/opt/ros/humble/include/rclcpp/rclcpp/logging.hpp:24[m[K,
                 from [01m[K/opt/ros/humble/include/rclcpp/rclcpp/client.hpp:40[m[K,
                 from [01m[K/opt/ros/humble/include/rclcpp/rclcpp/callback_group.hpp:24[m[K,
                 from [01m[K/opt/ros/humble/include/rclcpp/rclcpp/any_executable.hpp:20[m[K,
                 from [01m[K/opt/ros/humble/include/rclcpp/rclcpp/memory_strategy.hpp:25[m[K,
                 from [01m[K/opt/ros/humble/include/rclcpp/rclcpp/memory_strategies.hpp:18[m[K,
                 from [01m[K/opt/ros/humble/include/rclcpp/rclcpp/executor_options.hpp:20[m[K,
                 from [01m[K/opt/ros/humble/include/rclcpp/rclcpp/executor.hpp:37[m[K,
                 from [01m[K/opt/ros/humble/include/rclcpp/rclcpp/executors/multi_threaded_executor.hpp:25[m[K,
                 from [01m[K/opt/ros/humble/include/rclcpp/rclcpp/executors.hpp:21[m[K,
                 from [01m[K/opt/ros/humble/include/rclcpp/rclcpp/rclcpp.hpp:155[m[K,
                 from [01m[K/home/hkn/mpu9250_ws/src/mpu9250_publisher/src/mpu9250_publisher_node.cpp:4[m[K:
[01m[K/home/hkn/mpu9250_ws/src/mpu9250_publisher/src/mpu9250_publisher_node.cpp:[m[K In member function ‘[01m[Kvoid MPU9250Publisher::publish_imu_data()[m[K’:
[01m[K/home/hkn/mpu9250_ws/src/mpu9250_publisher/src/mpu9250_publisher_node.cpp:40:37:[m[K [01;35m[Kwarning: [m[Kformat ‘[01m[K%d[m[K’ expects argument of type ‘[01m[Kint[m[K’, but argument 5 has type ‘[01m[Ksensor_msgs::msg::Imu_<std::allocator<void> >[m[K’ [[01;35m[K]8;;https://gcc.gnu.org/onlinedocs/gcc/Warning-Options.html#index-Wformat=-Wformat=]8;;[m[K]
   40 |     RCLCPP_INFO(this->get_logger(), [01;35m[K"Publishing: '%d'"[m[K, message);
      |                                     [01;35m[K^~~~~~~~~~~~~~~~~~[m[K
[01m[K/home/hkn/mpu9250_ws/src/mpu9250_publisher/src/mpu9250_publisher_node.cpp:40:52:[m[K [01;36m[Knote: [m[Kformat string is defined here
   40 |     RCLCPP_INFO(this->get_logger(), "Publishing: '[01;36m[K%d[m[K'", message);
      |                                                   [01;36m[K~^[m[K
      |                                                    [01;36m[K|[m[K
      |                                                    [01;36m[Kint[m[K
[ 66%] [32m[1mLinking CXX executable mpu9250[0m
[100%] Built target mpu9250
-- Install configuration: ""
-- Installing: /home/hkn/mpu9250_ws/src/install/mpu9250_publisher/lib/mpu9250_publisher/mpu9250
-- Set runtime path of "/home/hkn/mpu9250_ws/src/install/mpu9250_publisher/lib/mpu9250_publisher/mpu9250" to ""
-- Up-to-date: /home/hkn/mpu9250_ws/src/install/mpu9250_publisher/include/mpu9250_publisher
-- Up-to-date: /home/hkn/mpu9250_ws/src/install/mpu9250_publisher/include/mpu9250_publisher/mpu9250_publisher
-- Up-to-date: /home/hkn/mpu9250_ws/src/install/mpu9250_publisher/include/mpu9250_publisher/mpu9250_publisher/mpu9250.hpp
-- Up-to-date: /home/hkn/mpu9250_ws/src/install/mpu9250_publisher/share/ament_index/resource_index/package_run_dependencies/mpu9250_publisher
-- Up-to-date: /home/hkn/mpu9250_ws/src/install/mpu9250_publisher/share/ament_index/resource_index/parent_prefix_path/mpu9250_publisher
-- Up-to-date: /home/hkn/mpu9250_ws/src/install/mpu9250_publisher/share/mpu9250_publisher/environment/ament_prefix_path.sh
-- Up-to-date: /home/hkn/mpu9250_ws/src/install/mpu9250_publisher/share/mpu9250_publisher/environment/ament_prefix_path.dsv
-- Up-to-date: /home/hkn/mpu9250_ws/src/install/mpu9250_publisher/share/mpu9250_publisher/environment/path.sh
-- Up-to-date: /home/hkn/mpu9250_ws/src/install/mpu9250_publisher/share/mpu9250_publisher/environment/path.dsv
-- Up-to-date: /home/hkn/mpu9250_ws/src/install/mpu9250_publisher/share/mpu9250_publisher/local_setup.bash
-- Up-to-date: /home/hkn/mpu9250_ws/src/install/mpu9250_publisher/share/mpu9250_publisher/local_setup.sh
-- Up-to-date: /home/hkn/mpu9250_ws/src/install/mpu9250_publisher/share/mpu9250_publisher/local_setup.zsh
-- Up-to-date: /home/hkn/mpu9250_ws/src/install/mpu9250_publisher/share/mpu9250_publisher/local_setup.dsv
-- Installing: /home/hkn/mpu9250_ws/src/install/mpu9250_publisher/share/mpu9250_publisher/package.dsv
-- Up-to-date: /home/hkn/mpu9250_ws/src/install/mpu9250_publisher/share/ament_index/resource_index/packages/mpu9250_publisher
-- Up-to-date: /home/hkn/mpu9250_ws/src/install/mpu9250_publisher/share/mpu9250_publisher/cmake/mpu9250_publisherConfig.cmake
-- Up-to-date: /home/hkn/mpu9250_ws/src/install/mpu9250_publisher/share/mpu9250_publisher/cmake/mpu9250_publisherConfig-version.cmake
-- Up-to-date: /home/hkn/mpu9250_ws/src/install/mpu9250_publisher/share/mpu9250_publisher/package.xml
