[0.133s] DEBUG:colcon:Command line arguments: ['/usr/bin/colcon', 'build', '--packages-select', 'mpu9250_publisher']
[0.133s] DEBUG:colcon:Parsed command line arguments: Namespace(log_base=None, log_level=None, verb_name='build', build_base='build', install_base='install', merge_install=False, symlink_install=False, test_result_base=None, continue_on_error=False, executor='parallel', parallel_workers=8, event_handlers=None, ignore_user_meta=False, metas=['./colcon.meta'], base_paths=['.'], packages_ignore=None, packages_ignore_regex=None, paths=None, packages_up_to=None, packages_up_to_regex=None, packages_above=None, packages_above_and_dependencies=None, packages_above_depth=None, packages_select_by_dep=None, packages_skip_by_dep=None, packages_skip_up_to=None, packages_select_build_failed=False, packages_skip_build_finished=False, packages_select_test_failures=False, packages_skip_test_passed=False, packages_select=['mpu9250_publisher'], packages_skip=None, packages_select_regex=None, packages_skip_regex=None, packages_start=None, packages_end=None, allow_overriding=[], cmake_args=None, cmake_target=None, cmake_target_skip_unavailable=False, cmake_clean_cache=False, cmake_clean_first=False, cmake_force_configure=False, ament_cmake_args=None, catkin_cmake_args=None, catkin_skip_building_tests=False, verb_parser=<colcon_defaults.argument_parser.defaults.DefaultArgumentsDecorator object at 0x76a883d54a90>, verb_extension=<colcon_core.verb.build.BuildVerb object at 0x76a883e5d660>, main=<bound method BuildVerb.main of <colcon_core.verb.build.BuildVerb object at 0x76a883e5d660>>)
[0.345s] Level 1:colcon.colcon_core.package_discovery:discover_packages(colcon_meta) check parameters
[0.345s] Level 1:colcon.colcon_core.package_discovery:discover_packages(recursive) check parameters
[0.345s] Level 1:colcon.colcon_core.package_discovery:discover_packages(ignore) check parameters
[0.345s] Level 1:colcon.colcon_core.package_discovery:discover_packages(path) check parameters
[0.345s] Level 1:colcon.colcon_core.package_discovery:discover_packages(colcon_meta) discover
[0.345s] Level 1:colcon.colcon_core.package_discovery:discover_packages(recursive) discover
[0.345s] INFO:colcon.colcon_core.package_discovery:Crawling recursively for packages in '/home/hkn/mpu9250_ws/src'
[0.345s] Level 1:colcon.colcon_core.package_identification:_identify(.) by extensions ['ignore', 'ignore_ament_install']
[0.345s] Level 1:colcon.colcon_core.package_identification:_identify(.) by extension 'ignore'
[0.345s] Level 1:colcon.colcon_core.package_identification:_identify(.) by extension 'ignore_ament_install'
[0.346s] Level 1:colcon.colcon_core.package_identification:_identify(.) by extensions ['colcon_pkg']
[0.346s] Level 1:colcon.colcon_core.package_identification:_identify(.) by extension 'colcon_pkg'
[0.346s] Level 1:colcon.colcon_core.package_identification:_identify(.) by extensions ['colcon_meta']
[0.346s] Level 1:colcon.colcon_core.package_identification:_identify(.) by extension 'colcon_meta'
[0.346s] Level 1:colcon.colcon_core.package_identification:_identify(.) by extensions ['ros']
[0.346s] Level 1:colcon.colcon_core.package_identification:_identify(.) by extension 'ros'
[0.359s] Level 1:colcon.colcon_core.package_identification:_identify(.) by extensions ['cmake', 'python']
[0.360s] Level 1:colcon.colcon_core.package_identification:_identify(.) by extension 'cmake'
[0.360s] Level 1:colcon.colcon_core.package_identification:_identify(.) by extension 'python'
[0.360s] Level 1:colcon.colcon_core.package_identification:_identify(.) by extensions ['python_setup_py']
[0.360s] Level 1:colcon.colcon_core.package_identification:_identify(.) by extension 'python_setup_py'
[0.360s] Level 1:colcon.colcon_core.package_identification:_identify(build) by extensions ['ignore', 'ignore_ament_install']
[0.360s] Level 1:colcon.colcon_core.package_identification:_identify(build) by extension 'ignore'
[0.360s] Level 1:colcon.colcon_core.package_identification:_identify(build) ignored
[0.360s] Level 1:colcon.colcon_core.package_identification:_identify(install) by extensions ['ignore', 'ignore_ament_install']
[0.360s] Level 1:colcon.colcon_core.package_identification:_identify(install) by extension 'ignore'
[0.361s] Level 1:colcon.colcon_core.package_identification:_identify(install) ignored
[0.361s] Level 1:colcon.colcon_core.package_identification:_identify(log) by extensions ['ignore', 'ignore_ament_install']
[0.361s] Level 1:colcon.colcon_core.package_identification:_identify(log) by extension 'ignore'
[0.361s] Level 1:colcon.colcon_core.package_identification:_identify(log) ignored
[0.361s] Level 1:colcon.colcon_core.package_identification:_identify(mpu9250_publisher) by extensions ['ignore', 'ignore_ament_install']
[0.361s] Level 1:colcon.colcon_core.package_identification:_identify(mpu9250_publisher) by extension 'ignore'
[0.361s] Level 1:colcon.colcon_core.package_identification:_identify(mpu9250_publisher) by extension 'ignore_ament_install'
[0.361s] Level 1:colcon.colcon_core.package_identification:_identify(mpu9250_publisher) by extensions ['colcon_pkg']
[0.361s] Level 1:colcon.colcon_core.package_identification:_identify(mpu9250_publisher) by extension 'colcon_pkg'
[0.361s] Level 1:colcon.colcon_core.package_identification:_identify(mpu9250_publisher) by extensions ['colcon_meta']
[0.361s] Level 1:colcon.colcon_core.package_identification:_identify(mpu9250_publisher) by extension 'colcon_meta'
[0.361s] Level 1:colcon.colcon_core.package_identification:_identify(mpu9250_publisher) by extensions ['ros']
[0.361s] Level 1:colcon.colcon_core.package_identification:_identify(mpu9250_publisher) by extension 'ros'
[0.366s] DEBUG:colcon.colcon_core.package_identification:Package 'mpu9250_publisher' with type 'ros.ament_cmake' and name 'mpu9250_publisher'
[0.366s] Level 1:colcon.colcon_core.package_discovery:discover_packages(recursive) using defaults
[0.367s] Level 1:colcon.colcon_core.package_discovery:discover_packages(ignore) discover
[0.367s] Level 1:colcon.colcon_core.package_discovery:discover_packages(ignore) using defaults
[0.367s] Level 1:colcon.colcon_core.package_discovery:discover_packages(path) discover
[0.367s] Level 1:colcon.colcon_core.package_discovery:discover_packages(path) using defaults
[0.408s] Level 1:colcon.colcon_core.package_discovery:discover_packages(prefix_path) check parameters
[0.408s] Level 1:colcon.colcon_core.package_discovery:discover_packages(prefix_path) discover
[0.412s] DEBUG:colcon.colcon_installed_package_information.package_discovery:Found 302 installed packages in /opt/ros/humble
[0.414s] Level 1:colcon.colcon_core.package_discovery:discover_packages(prefix_path) using defaults
[0.527s] Level 5:colcon.colcon_core.verb:set package 'mpu9250_publisher' build argument 'cmake_args' from command line to 'None'
[0.527s] Level 5:colcon.colcon_core.verb:set package 'mpu9250_publisher' build argument 'cmake_target' from command line to 'None'
[0.527s] Level 5:colcon.colcon_core.verb:set package 'mpu9250_publisher' build argument 'cmake_target_skip_unavailable' from command line to 'False'
[0.527s] Level 5:colcon.colcon_core.verb:set package 'mpu9250_publisher' build argument 'cmake_clean_cache' from command line to 'False'
[0.527s] Level 5:colcon.colcon_core.verb:set package 'mpu9250_publisher' build argument 'cmake_clean_first' from command line to 'False'
[0.527s] Level 5:colcon.colcon_core.verb:set package 'mpu9250_publisher' build argument 'cmake_force_configure' from command line to 'False'
[0.527s] Level 5:colcon.colcon_core.verb:set package 'mpu9250_publisher' build argument 'ament_cmake_args' from command line to 'None'
[0.527s] Level 5:colcon.colcon_core.verb:set package 'mpu9250_publisher' build argument 'catkin_cmake_args' from command line to 'None'
[0.527s] Level 5:colcon.colcon_core.verb:set package 'mpu9250_publisher' build argument 'catkin_skip_building_tests' from command line to 'False'
[0.527s] DEBUG:colcon.colcon_core.verb:Building package 'mpu9250_publisher' with the following arguments: {'ament_cmake_args': None, 'build_base': '/home/hkn/mpu9250_ws/src/build/mpu9250_publisher', 'catkin_cmake_args': None, 'catkin_skip_building_tests': False, 'cmake_args': None, 'cmake_clean_cache': False, 'cmake_clean_first': False, 'cmake_force_configure': False, 'cmake_target': None, 'cmake_target_skip_unavailable': False, 'install_base': '/home/hkn/mpu9250_ws/src/install/mpu9250_publisher', 'merge_install': False, 'path': '/home/hkn/mpu9250_ws/src/mpu9250_publisher', 'symlink_install': False, 'test_result_base': None}
[0.528s] INFO:colcon.colcon_core.executor:Executing jobs using 'parallel' executor
[0.529s] DEBUG:colcon.colcon_parallel_executor.executor.parallel:run_until_complete
[0.529s] INFO:colcon.colcon_ros.task.ament_cmake.build:Building ROS package in '/home/hkn/mpu9250_ws/src/mpu9250_publisher' with build type 'ament_cmake'
[0.529s] INFO:colcon.colcon_cmake.task.cmake.build:Building CMake package in '/home/hkn/mpu9250_ws/src/mpu9250_publisher'
[0.532s] INFO:colcon.colcon_core.plugin_system:Skipping extension 'colcon_core.shell.bat': Not used on non-Windows systems
[0.532s] INFO:colcon.colcon_core.shell:Skip shell extension 'powershell' for command environment: Not usable outside of PowerShell
[0.532s] DEBUG:colcon.colcon_core.shell:Skip shell extension 'dsv' for command environment
[0.543s] DEBUG:colcon.colcon_core.event_handler.log_command:Invoking command in '/home/hkn/mpu9250_ws/src/build/mpu9250_publisher': CMAKE_PREFIX_PATH=/opt/ros/humble /usr/bin/cmake --build /home/hkn/mpu9250_ws/src/build/mpu9250_publisher -- -j8 -l8
[6.671s] DEBUG:colcon.colcon_core.event_handler.log_command:Invoked command in '/home/hkn/mpu9250_ws/src/build/mpu9250_publisher' returned '0': CMAKE_PREFIX_PATH=/opt/ros/humble /usr/bin/cmake --build /home/hkn/mpu9250_ws/src/build/mpu9250_publisher -- -j8 -l8
[6.713s] DEBUG:colcon.colcon_core.event_handler.log_command:Invoking command in '/home/hkn/mpu9250_ws/src/build/mpu9250_publisher': CMAKE_PREFIX_PATH=/opt/ros/humble /usr/bin/cmake --install /home/hkn/mpu9250_ws/src/build/mpu9250_publisher
[6.730s] Level 1:colcon.colcon_core.environment:create_environment_scripts_only(mpu9250_publisher)
[6.731s] DEBUG:colcon.colcon_core.event_handler.log_command:Invoked command in '/home/hkn/mpu9250_ws/src/build/mpu9250_publisher' returned '0': CMAKE_PREFIX_PATH=/opt/ros/humble /usr/bin/cmake --install /home/hkn/mpu9250_ws/src/build/mpu9250_publisher
[6.739s] Level 1:colcon.colcon_core.environment:checking '/home/hkn/mpu9250_ws/src/install/mpu9250_publisher' for CMake module files
[6.740s] Level 1:colcon.colcon_core.environment:checking '/home/hkn/mpu9250_ws/src/install/mpu9250_publisher' for CMake config files
[6.741s] Level 1:colcon.colcon_core.shell:create_environment_hook('mpu9250_publisher', 'cmake_prefix_path')
[6.741s] INFO:colcon.colcon_core.shell:Creating environment hook '/home/hkn/mpu9250_ws/src/install/mpu9250_publisher/share/mpu9250_publisher/hook/cmake_prefix_path.ps1'
[6.743s] INFO:colcon.colcon_core.shell:Creating environment descriptor '/home/hkn/mpu9250_ws/src/install/mpu9250_publisher/share/mpu9250_publisher/hook/cmake_prefix_path.dsv'
[6.744s] INFO:colcon.colcon_core.shell:Creating environment hook '/home/hkn/mpu9250_ws/src/install/mpu9250_publisher/share/mpu9250_publisher/hook/cmake_prefix_path.sh'
[6.745s] Level 1:colcon.colcon_core.environment:checking '/home/hkn/mpu9250_ws/src/install/mpu9250_publisher/lib'
[6.745s] Level 1:colcon.colcon_core.environment:checking '/home/hkn/mpu9250_ws/src/install/mpu9250_publisher/bin'
[6.746s] Level 1:colcon.colcon_core.environment:checking '/home/hkn/mpu9250_ws/src/install/mpu9250_publisher/lib/pkgconfig/mpu9250_publisher.pc'
[6.746s] Level 1:colcon.colcon_core.environment:checking '/home/hkn/mpu9250_ws/src/install/mpu9250_publisher/lib/python3.10/site-packages'
[6.747s] Level 1:colcon.colcon_core.environment:checking '/home/hkn/mpu9250_ws/src/install/mpu9250_publisher/bin'
[6.747s] INFO:colcon.colcon_core.shell:Creating package script '/home/hkn/mpu9250_ws/src/install/mpu9250_publisher/share/mpu9250_publisher/package.ps1'
[6.749s] INFO:colcon.colcon_core.shell:Creating package descriptor '/home/hkn/mpu9250_ws/src/install/mpu9250_publisher/share/mpu9250_publisher/package.dsv'
[6.750s] INFO:colcon.colcon_core.shell:Creating package script '/home/hkn/mpu9250_ws/src/install/mpu9250_publisher/share/mpu9250_publisher/package.sh'
[6.752s] INFO:colcon.colcon_core.shell:Creating package script '/home/hkn/mpu9250_ws/src/install/mpu9250_publisher/share/mpu9250_publisher/package.bash'
[6.754s] INFO:colcon.colcon_core.shell:Creating package script '/home/hkn/mpu9250_ws/src/install/mpu9250_publisher/share/mpu9250_publisher/package.zsh'
[6.755s] Level 1:colcon.colcon_core.environment:create_file_with_runtime_dependencies(/home/hkn/mpu9250_ws/src/install/mpu9250_publisher/share/colcon-core/packages/mpu9250_publisher)
[6.789s] Level 1:colcon.colcon_core.environment:create_environment_scripts_only(mpu9250_publisher)
[6.790s] Level 1:colcon.colcon_core.environment:checking '/home/hkn/mpu9250_ws/src/install/mpu9250_publisher' for CMake module files
[6.790s] Level 1:colcon.colcon_core.environment:checking '/home/hkn/mpu9250_ws/src/install/mpu9250_publisher' for CMake config files
[6.791s] Level 1:colcon.colcon_core.shell:create_environment_hook('mpu9250_publisher', 'cmake_prefix_path')
[6.791s] INFO:colcon.colcon_core.shell:Creating environment hook '/home/hkn/mpu9250_ws/src/install/mpu9250_publisher/share/mpu9250_publisher/hook/cmake_prefix_path.ps1'
[6.792s] INFO:colcon.colcon_core.shell:Creating environment descriptor '/home/hkn/mpu9250_ws/src/install/mpu9250_publisher/share/mpu9250_publisher/hook/cmake_prefix_path.dsv'
[6.792s] INFO:colcon.colcon_core.shell:Creating environment hook '/home/hkn/mpu9250_ws/src/install/mpu9250_publisher/share/mpu9250_publisher/hook/cmake_prefix_path.sh'
[6.793s] Level 1:colcon.colcon_core.environment:checking '/home/hkn/mpu9250_ws/src/install/mpu9250_publisher/lib'
[6.793s] Level 1:colcon.colcon_core.environment:checking '/home/hkn/mpu9250_ws/src/install/mpu9250_publisher/bin'
[6.793s] Level 1:colcon.colcon_core.environment:checking '/home/hkn/mpu9250_ws/src/install/mpu9250_publisher/lib/pkgconfig/mpu9250_publisher.pc'
[6.794s] Level 1:colcon.colcon_core.environment:checking '/home/hkn/mpu9250_ws/src/install/mpu9250_publisher/lib/python3.10/site-packages'
[6.794s] Level 1:colcon.colcon_core.environment:checking '/home/hkn/mpu9250_ws/src/install/mpu9250_publisher/bin'
[6.794s] INFO:colcon.colcon_core.shell:Creating package script '/home/hkn/mpu9250_ws/src/install/mpu9250_publisher/share/mpu9250_publisher/package.ps1'
[6.795s] INFO:colcon.colcon_core.shell:Creating package descriptor '/home/hkn/mpu9250_ws/src/install/mpu9250_publisher/share/mpu9250_publisher/package.dsv'
[6.796s] INFO:colcon.colcon_core.shell:Creating package script '/home/hkn/mpu9250_ws/src/install/mpu9250_publisher/share/mpu9250_publisher/package.sh'
[6.796s] INFO:colcon.colcon_core.shell:Creating package script '/home/hkn/mpu9250_ws/src/install/mpu9250_publisher/share/mpu9250_publisher/package.bash'
[6.797s] INFO:colcon.colcon_core.shell:Creating package script '/home/hkn/mpu9250_ws/src/install/mpu9250_publisher/share/mpu9250_publisher/package.zsh'
[6.797s] Level 1:colcon.colcon_core.environment:create_file_with_runtime_dependencies(/home/hkn/mpu9250_ws/src/install/mpu9250_publisher/share/colcon-core/packages/mpu9250_publisher)
[6.797s] DEBUG:colcon.colcon_parallel_executor.executor.parallel:closing loop
[6.798s] DEBUG:colcon.colcon_parallel_executor.executor.parallel:loop closed
[6.798s] DEBUG:colcon.colcon_parallel_executor.executor.parallel:run_until_complete finished with '0'
[6.798s] DEBUG:colcon.colcon_core.event_reactor:joining thread
[6.811s] INFO:colcon.colcon_core.plugin_system:Skipping extension 'colcon_notification.desktop_notification.terminal_notifier': Not used on non-Darwin systems
[6.812s] INFO:colcon.colcon_core.plugin_system:Skipping extension 'colcon_notification.desktop_notification.win32': Not used on non-Windows systems
[6.812s] INFO:colcon.colcon_notification.desktop_notification:Sending desktop notification using 'notify2'
[6.827s] DEBUG:colcon.colcon_core.event_reactor:joined thread
[6.827s] INFO:colcon.colcon_core.shell:Creating prefix script '/home/hkn/mpu9250_ws/src/install/local_setup.ps1'
[6.828s] INFO:colcon.colcon_core.shell:Creating prefix util module '/home/hkn/mpu9250_ws/src/install/_local_setup_util_ps1.py'
[6.831s] INFO:colcon.colcon_core.shell:Creating prefix chain script '/home/hkn/mpu9250_ws/src/install/setup.ps1'
[6.833s] INFO:colcon.colcon_core.shell:Creating prefix script '/home/hkn/mpu9250_ws/src/install/local_setup.sh'
[6.834s] INFO:colcon.colcon_core.shell:Creating prefix util module '/home/hkn/mpu9250_ws/src/install/_local_setup_util_sh.py'
[6.835s] INFO:colcon.colcon_core.shell:Creating prefix chain script '/home/hkn/mpu9250_ws/src/install/setup.sh'
[6.836s] INFO:colcon.colcon_core.shell:Creating prefix script '/home/hkn/mpu9250_ws/src/install/local_setup.bash'
[6.837s] INFO:colcon.colcon_core.shell:Creating prefix chain script '/home/hkn/mpu9250_ws/src/install/setup.bash'
[6.838s] INFO:colcon.colcon_core.shell:Creating prefix script '/home/hkn/mpu9250_ws/src/install/local_setup.zsh'
[6.839s] INFO:colcon.colcon_core.shell:Creating prefix chain script '/home/hkn/mpu9250_ws/src/install/setup.zsh'
