-- Found ament_cmake: 1.3.10 (/opt/ros/humble/share/ament_cmake/cmake)
-- Found rclcpp: 16.0.10 (/opt/ros/humble/share/rclcpp/cmake)
-- Found rosidl_generator_c: 3.1.5 (/opt/ros/humble/share/rosidl_generator_c/cmake)
-- Found rosidl_adapter: 3.1.5 (/opt/ros/humble/share/rosidl_adapter/cmake)
-- Found rosidl_generator_cpp: 3.1.5 (/opt/ros/humble/share/rosidl_generator_cpp/cmake)
-- Using all available rosidl_typesupport_c: rosidl_typesupport_fastrtps_c;rosidl_typesupport_introspection_c
-- Using all available rosidl_typesupport_cpp: rosidl_typesupport_fastrtps_cpp;rosidl_typesupport_introspection_cpp
-- Found rmw_implementation_cmake: 6.1.2 (/opt/ros/humble/share/rmw_implementation_cmake/cmake)
-- Found rmw_fastrtps_cpp: 6.2.7 (/opt/ros/humble/share/rmw_fastrtps_cpp/cmake)
-- Using RMW implementation 'rmw_fastrtps_cpp' as default
-- Found sensor_msgs: 4.2.4 (/opt/ros/humble/share/sensor_msgs/cmake)
-- Found ament_lint_auto: 0.12.11 (/opt/ros/humble/share/ament_lint_auto/cmake)
-- Added test 'cppcheck' to perform static code analysis on C / C++ code
-- Configured cppcheck include dirs: /home/hkn/mpu9250_ws/src/mpu9250_publisher/include
-- Configured cppcheck exclude dirs and/or files: 
-- Added test 'lint_cmake' to check CMake code style
-- Added test 'uncrustify' to check C / C++ code style
-- Configured uncrustify additional arguments: 
-- Added test 'xmllint' to check XML markup files
-- Configuring done
-- Generating done
-- Build files have been written to: /home/hkn/mpu9250_ws/src/build/mpu9250_publisher
[35m[1mConsolidate compiler generated dependencies of target mpu9250[0m
[100%] Built target mpu9250
-- Install configuration: ""
-- Up-to-date: /home/hkn/mpu9250_ws/src/install/mpu9250_publisher/lib/mpu9250_publisher/mpu9250
-- Up-to-date: /home/hkn/mpu9250_ws/src/install/mpu9250_publisher/include/mpu9250_publisher
-- Up-to-date: /home/hkn/mpu9250_ws/src/install/mpu9250_publisher/include/mpu9250_publisher/mpu9250_publisher
-- Up-to-date: /home/hkn/mpu9250_ws/src/install/mpu9250_publisher/include/mpu9250_publisher/mpu9250_publisher/mpu9250.hpp
[31mCMake Error at cmake_install.cmake:70 (file):
  file INSTALL cannot find
  "/home/hkn/mpu9250_ws/src/mpu9250_publisher/config": No such file or
  directory.

[0m
