[0.017s] Invoking command in '/home/hkn/mpu9250_ws/src/build/mpu9250_publisher': CMAKE_PREFIX_PATH=/opt/ros/humble /usr/bin/cmake --build /home/hkn/mpu9250_ws/src/build/mpu9250_publisher -- -j8 -l8
[0.084s] -- Found ament_cmake: 1.3.10 (/opt/ros/humble/share/ament_cmake/cmake)
[0.276s] -- Found rclcpp: 16.0.10 (/opt/ros/humble/share/rclcpp/cmake)
[0.345s] -- Found rosidl_generator_c: 3.1.5 (/opt/ros/humble/share/rosidl_generator_c/cmake)
[0.352s] -- Found rosidl_adapter: 3.1.5 (/opt/ros/humble/share/rosidl_adapter/cmake)
[0.363s] -- Found rosidl_generator_cpp: 3.1.5 (/opt/ros/humble/share/rosidl_generator_cpp/cmake)
[0.383s] -- Using all available rosidl_typesupport_c: rosidl_typesupport_fastrtps_c;rosidl_typesupport_introspection_c
[0.407s] -- Using all available rosidl_typesupport_cpp: rosidl_typesupport_fastrtps_cpp;rosidl_typesupport_introspection_cpp
[0.464s] -- Found rmw_implementation_cmake: 6.1.2 (/opt/ros/humble/share/rmw_implementation_cmake/cmake)
[0.468s] -- Found rmw_fastrtps_cpp: 6.2.7 (/opt/ros/humble/share/rmw_fastrtps_cpp/cmake)
[0.595s] -- Using RMW implementation 'rmw_fastrtps_cpp' as default
[0.683s] -- Found sensor_msgs: 4.2.4 (/opt/ros/humble/share/sensor_msgs/cmake)
[0.734s] -- Found ament_lint_auto: 0.12.11 (/opt/ros/humble/share/ament_lint_auto/cmake)
[0.829s] -- Added test 'cppcheck' to perform static code analysis on C / C++ code
[0.830s] -- Configured cppcheck include dirs: /home/hkn/mpu9250_ws/src/mpu9250_publisher/include
[0.830s] -- Configured cppcheck exclude dirs and/or files: 
[0.831s] -- Added test 'lint_cmake' to check CMake code style
[0.832s] -- Added test 'uncrustify' to check C / C++ code style
[0.833s] -- Configured uncrustify additional arguments: 
[0.833s] -- Added test 'xmllint' to check XML markup files
[0.835s] -- Configuring done
[0.854s] -- Generating done
[0.856s] -- Build files have been written to: /home/hkn/mpu9250_ws/src/build/mpu9250_publisher
[0.891s] [35m[1mConsolidate compiler generated dependencies of target mpu9250[0m
[0.947s] [100%] Built target mpu9250
[0.963s] Invoked command in '/home/hkn/mpu9250_ws/src/build/mpu9250_publisher' returned '0': CMAKE_PREFIX_PATH=/opt/ros/humble /usr/bin/cmake --build /home/hkn/mpu9250_ws/src/build/mpu9250_publisher -- -j8 -l8
[1.011s] Invoking command in '/home/hkn/mpu9250_ws/src/build/mpu9250_publisher': CMAKE_PREFIX_PATH=/opt/ros/humble /usr/bin/cmake --install /home/hkn/mpu9250_ws/src/build/mpu9250_publisher
[1.019s] -- Install configuration: ""
[1.019s] -- Up-to-date: /home/hkn/mpu9250_ws/src/install/mpu9250_publisher/lib/mpu9250_publisher/mpu9250
[1.019s] -- Up-to-date: /home/hkn/mpu9250_ws/src/install/mpu9250_publisher/include/mpu9250_publisher
[1.020s] -- Up-to-date: /home/hkn/mpu9250_ws/src/install/mpu9250_publisher/include/mpu9250_publisher/mpu9250_publisher
[1.020s] -- Up-to-date: /home/hkn/mpu9250_ws/src/install/mpu9250_publisher/include/mpu9250_publisher/mpu9250_publisher/mpu9250.hpp
[1.020s] -- Installing: /home/hkn/mpu9250_ws/src/install/mpu9250_publisher/share/ament_index/resource_index/package_run_dependencies/mpu9250_publisher
[1.021s] -- Up-to-date: /home/hkn/mpu9250_ws/src/install/mpu9250_publisher/share/ament_index/resource_index/parent_prefix_path/mpu9250_publisher
[1.022s] -- Up-to-date: /home/hkn/mpu9250_ws/src/install/mpu9250_publisher/share/mpu9250_publisher/environment/ament_prefix_path.sh
[1.022s] -- Installing: /home/hkn/mpu9250_ws/src/install/mpu9250_publisher/share/mpu9250_publisher/environment/ament_prefix_path.dsv
[1.022s] -- Up-to-date: /home/hkn/mpu9250_ws/src/install/mpu9250_publisher/share/mpu9250_publisher/environment/path.sh
[1.022s] -- Installing: /home/hkn/mpu9250_ws/src/install/mpu9250_publisher/share/mpu9250_publisher/environment/path.dsv
[1.022s] -- Up-to-date: /home/hkn/mpu9250_ws/src/install/mpu9250_publisher/share/mpu9250_publisher/local_setup.bash
[1.023s] -- Up-to-date: /home/hkn/mpu9250_ws/src/install/mpu9250_publisher/share/mpu9250_publisher/local_setup.sh
[1.023s] -- Up-to-date: /home/hkn/mpu9250_ws/src/install/mpu9250_publisher/share/mpu9250_publisher/local_setup.zsh
[1.023s] -- Installing: /home/hkn/mpu9250_ws/src/install/mpu9250_publisher/share/mpu9250_publisher/local_setup.dsv
[1.023s] -- Installing: /home/hkn/mpu9250_ws/src/install/mpu9250_publisher/share/mpu9250_publisher/package.dsv
[1.023s] -- Up-to-date: /home/hkn/mpu9250_ws/src/install/mpu9250_publisher/share/ament_index/resource_index/packages/mpu9250_publisher
[1.023s] -- Up-to-date: /home/hkn/mpu9250_ws/src/install/mpu9250_publisher/share/mpu9250_publisher/cmake/mpu9250_publisherConfig.cmake
[1.023s] -- Up-to-date: /home/hkn/mpu9250_ws/src/install/mpu9250_publisher/share/mpu9250_publisher/cmake/mpu9250_publisherConfig-version.cmake
[1.024s] -- Installing: /home/hkn/mpu9250_ws/src/install/mpu9250_publisher/share/mpu9250_publisher/package.xml
[1.026s] Invoked command in '/home/hkn/mpu9250_ws/src/build/mpu9250_publisher' returned '0': CMAKE_PREFIX_PATH=/opt/ros/humble /usr/bin/cmake --install /home/hkn/mpu9250_ws/src/build/mpu9250_publisher
