[0.275s] DEBUG:colcon:Command line arguments: ['/usr/bin/colcon', 'build', '--packages-select', 'mpu9250_publisher']
[0.275s] DEBUG:colcon:Parsed command line arguments: Namespace(log_base=None, log_level=None, verb_name='build', build_base='build', install_base='install', merge_install=False, symlink_install=False, test_result_base=None, continue_on_error=False, executor='parallel', parallel_workers=8, event_handlers=None, ignore_user_meta=False, metas=['./colcon.meta'], base_paths=['.'], packages_ignore=None, packages_ignore_regex=None, paths=None, packages_up_to=None, packages_up_to_regex=None, packages_above=None, packages_above_and_dependencies=None, packages_above_depth=None, packages_select_by_dep=None, packages_skip_by_dep=None, packages_skip_up_to=None, packages_select_build_failed=False, packages_skip_build_finished=False, packages_select_test_failures=False, packages_skip_test_passed=False, packages_select=['mpu9250_publisher'], packages_skip=None, packages_select_regex=None, packages_skip_regex=None, packages_start=None, packages_end=None, allow_overriding=[], cmake_args=None, cmake_target=None, cmake_target_skip_unavailable=False, cmake_clean_cache=False, cmake_clean_first=False, cmake_force_configure=False, ament_cmake_args=None, catkin_cmake_args=None, catkin_skip_building_tests=False, verb_parser=<colcon_defaults.argument_parser.defaults.DefaultArgumentsDecorator object at 0x732a13848a90>, verb_extension=<colcon_core.verb.build.BuildVerb object at 0x732a13951660>, main=<bound method BuildVerb.main of <colcon_core.verb.build.BuildVerb object at 0x732a13951660>>)
[0.525s] Level 1:colcon.colcon_core.package_discovery:discover_packages(colcon_meta) check parameters
[0.525s] Level 1:colcon.colcon_core.package_discovery:discover_packages(recursive) check parameters
[0.525s] Level 1:colcon.colcon_core.package_discovery:discover_packages(ignore) check parameters
[0.525s] Level 1:colcon.colcon_core.package_discovery:discover_packages(path) check parameters
[0.525s] Level 1:colcon.colcon_core.package_discovery:discover_packages(colcon_meta) discover
[0.525s] Level 1:colcon.colcon_core.package_discovery:discover_packages(recursive) discover
[0.525s] INFO:colcon.colcon_core.package_discovery:Crawling recursively for packages in '/home/hkn/mpu9250_ws/src'
[0.525s] Level 1:colcon.colcon_core.package_identification:_identify(.) by extensions ['ignore', 'ignore_ament_install']
[0.526s] Level 1:colcon.colcon_core.package_identification:_identify(.) by extension 'ignore'
[0.526s] Level 1:colcon.colcon_core.package_identification:_identify(.) by extension 'ignore_ament_install'
[0.526s] Level 1:colcon.colcon_core.package_identification:_identify(.) by extensions ['colcon_pkg']
[0.526s] Level 1:colcon.colcon_core.package_identification:_identify(.) by extension 'colcon_pkg'
[0.526s] Level 1:colcon.colcon_core.package_identification:_identify(.) by extensions ['colcon_meta']
[0.526s] Level 1:colcon.colcon_core.package_identification:_identify(.) by extension 'colcon_meta'
[0.526s] Level 1:colcon.colcon_core.package_identification:_identify(.) by extensions ['ros']
[0.526s] Level 1:colcon.colcon_core.package_identification:_identify(.) by extension 'ros'
[0.545s] Level 1:colcon.colcon_core.package_identification:_identify(.) by extensions ['cmake', 'python']
[0.545s] Level 1:colcon.colcon_core.package_identification:_identify(.) by extension 'cmake'
[0.546s] Level 1:colcon.colcon_core.package_identification:_identify(.) by extension 'python'
[0.546s] Level 1:colcon.colcon_core.package_identification:_identify(.) by extensions ['python_setup_py']
[0.546s] Level 1:colcon.colcon_core.package_identification:_identify(.) by extension 'python_setup_py'
[0.546s] Level 1:colcon.colcon_core.package_identification:_identify(build) by extensions ['ignore', 'ignore_ament_install']
[0.546s] Level 1:colcon.colcon_core.package_identification:_identify(build) by extension 'ignore'
[0.546s] Level 1:colcon.colcon_core.package_identification:_identify(build) ignored
[0.546s] Level 1:colcon.colcon_core.package_identification:_identify(install) by extensions ['ignore', 'ignore_ament_install']
[0.547s] Level 1:colcon.colcon_core.package_identification:_identify(install) by extension 'ignore'
[0.547s] Level 1:colcon.colcon_core.package_identification:_identify(install) ignored
[0.547s] Level 1:colcon.colcon_core.package_identification:_identify(log) by extensions ['ignore', 'ignore_ament_install']
[0.547s] Level 1:colcon.colcon_core.package_identification:_identify(log) by extension 'ignore'
[0.547s] Level 1:colcon.colcon_core.package_identification:_identify(log) ignored
[0.547s] Level 1:colcon.colcon_core.package_identification:_identify(mpu9250_publisher) by extensions ['ignore', 'ignore_ament_install']
[0.547s] Level 1:colcon.colcon_core.package_identification:_identify(mpu9250_publisher) by extension 'ignore'
[0.548s] Level 1:colcon.colcon_core.package_identification:_identify(mpu9250_publisher) by extension 'ignore_ament_install'
[0.548s] Level 1:colcon.colcon_core.package_identification:_identify(mpu9250_publisher) by extensions ['colcon_pkg']
[0.548s] Level 1:colcon.colcon_core.package_identification:_identify(mpu9250_publisher) by extension 'colcon_pkg'
[0.548s] Level 1:colcon.colcon_core.package_identification:_identify(mpu9250_publisher) by extensions ['colcon_meta']
[0.548s] Level 1:colcon.colcon_core.package_identification:_identify(mpu9250_publisher) by extension 'colcon_meta'
[0.548s] Level 1:colcon.colcon_core.package_identification:_identify(mpu9250_publisher) by extensions ['ros']
[0.548s] Level 1:colcon.colcon_core.package_identification:_identify(mpu9250_publisher) by extension 'ros'
[0.552s] DEBUG:colcon.colcon_core.package_identification:Package 'mpu9250_publisher' with type 'ros.ament_cmake' and name 'mpu9250_publisher'
[0.552s] Level 1:colcon.colcon_core.package_discovery:discover_packages(recursive) using defaults
[0.552s] Level 1:colcon.colcon_core.package_discovery:discover_packages(ignore) discover
[0.552s] Level 1:colcon.colcon_core.package_discovery:discover_packages(ignore) using defaults
[0.552s] Level 1:colcon.colcon_core.package_discovery:discover_packages(path) discover
[0.552s] Level 1:colcon.colcon_core.package_discovery:discover_packages(path) using defaults
[0.584s] Level 1:colcon.colcon_core.package_discovery:discover_packages(prefix_path) check parameters
[0.584s] Level 1:colcon.colcon_core.package_discovery:discover_packages(prefix_path) discover
[0.589s] DEBUG:colcon.colcon_installed_package_information.package_discovery:Found 302 installed packages in /opt/ros/humble
[0.591s] Level 1:colcon.colcon_core.package_discovery:discover_packages(prefix_path) using defaults
[0.700s] Level 5:colcon.colcon_core.verb:set package 'mpu9250_publisher' build argument 'cmake_args' from command line to 'None'
[0.700s] Level 5:colcon.colcon_core.verb:set package 'mpu9250_publisher' build argument 'cmake_target' from command line to 'None'
[0.700s] Level 5:colcon.colcon_core.verb:set package 'mpu9250_publisher' build argument 'cmake_target_skip_unavailable' from command line to 'False'
[0.700s] Level 5:colcon.colcon_core.verb:set package 'mpu9250_publisher' build argument 'cmake_clean_cache' from command line to 'False'
[0.700s] Level 5:colcon.colcon_core.verb:set package 'mpu9250_publisher' build argument 'cmake_clean_first' from command line to 'False'
[0.700s] Level 5:colcon.colcon_core.verb:set package 'mpu9250_publisher' build argument 'cmake_force_configure' from command line to 'False'
[0.700s] Level 5:colcon.colcon_core.verb:set package 'mpu9250_publisher' build argument 'ament_cmake_args' from command line to 'None'
[0.700s] Level 5:colcon.colcon_core.verb:set package 'mpu9250_publisher' build argument 'catkin_cmake_args' from command line to 'None'
[0.700s] Level 5:colcon.colcon_core.verb:set package 'mpu9250_publisher' build argument 'catkin_skip_building_tests' from command line to 'False'
[0.700s] DEBUG:colcon.colcon_core.verb:Building package 'mpu9250_publisher' with the following arguments: {'ament_cmake_args': None, 'build_base': '/home/hkn/mpu9250_ws/src/build/mpu9250_publisher', 'catkin_cmake_args': None, 'catkin_skip_building_tests': False, 'cmake_args': None, 'cmake_clean_cache': False, 'cmake_clean_first': False, 'cmake_force_configure': False, 'cmake_target': None, 'cmake_target_skip_unavailable': False, 'install_base': '/home/hkn/mpu9250_ws/src/install/mpu9250_publisher', 'merge_install': False, 'path': '/home/hkn/mpu9250_ws/src/mpu9250_publisher', 'symlink_install': False, 'test_result_base': None}
[0.700s] INFO:colcon.colcon_core.executor:Executing jobs using 'parallel' executor
[0.702s] DEBUG:colcon.colcon_parallel_executor.executor.parallel:run_until_complete
[0.702s] INFO:colcon.colcon_ros.task.ament_cmake.build:Building ROS package in '/home/hkn/mpu9250_ws/src/mpu9250_publisher' with build type 'ament_cmake'
[0.702s] INFO:colcon.colcon_cmake.task.cmake.build:Building CMake package in '/home/hkn/mpu9250_ws/src/mpu9250_publisher'
[0.707s] INFO:colcon.colcon_core.plugin_system:Skipping extension 'colcon_core.shell.bat': Not used on non-Windows systems
[0.707s] INFO:colcon.colcon_core.shell:Skip shell extension 'powershell' for command environment: Not usable outside of PowerShell
[0.707s] DEBUG:colcon.colcon_core.shell:Skip shell extension 'dsv' for command environment
[0.720s] DEBUG:colcon.colcon_core.event_handler.log_command:Invoking command in '/home/hkn/mpu9250_ws/src/build/mpu9250_publisher': CMAKE_PREFIX_PATH=/opt/ros/humble /usr/bin/cmake --build /home/hkn/mpu9250_ws/src/build/mpu9250_publisher -- -j8 -l8
[7.173s] DEBUG:colcon.colcon_core.event_handler.log_command:Invoked command in '/home/hkn/mpu9250_ws/src/build/mpu9250_publisher' returned '0': CMAKE_PREFIX_PATH=/opt/ros/humble /usr/bin/cmake --build /home/hkn/mpu9250_ws/src/build/mpu9250_publisher -- -j8 -l8
[7.214s] DEBUG:colcon.colcon_core.event_handler.log_command:Invoking command in '/home/hkn/mpu9250_ws/src/build/mpu9250_publisher': CMAKE_PREFIX_PATH=/opt/ros/humble /usr/bin/cmake --install /home/hkn/mpu9250_ws/src/build/mpu9250_publisher
[7.236s] Level 1:colcon.colcon_core.environment:create_environment_scripts_only(mpu9250_publisher)
[7.237s] DEBUG:colcon.colcon_core.event_handler.log_command:Invoked command in '/home/hkn/mpu9250_ws/src/build/mpu9250_publisher' returned '0': CMAKE_PREFIX_PATH=/opt/ros/humble /usr/bin/cmake --install /home/hkn/mpu9250_ws/src/build/mpu9250_publisher
[7.246s] Level 1:colcon.colcon_core.environment:checking '/home/hkn/mpu9250_ws/src/install/mpu9250_publisher' for CMake module files
[7.247s] Level 1:colcon.colcon_core.environment:checking '/home/hkn/mpu9250_ws/src/install/mpu9250_publisher' for CMake config files
[7.248s] Level 1:colcon.colcon_core.shell:create_environment_hook('mpu9250_publisher', 'cmake_prefix_path')
[7.249s] INFO:colcon.colcon_core.shell:Creating environment hook '/home/hkn/mpu9250_ws/src/install/mpu9250_publisher/share/mpu9250_publisher/hook/cmake_prefix_path.ps1'
[7.250s] INFO:colcon.colcon_core.shell:Creating environment descriptor '/home/hkn/mpu9250_ws/src/install/mpu9250_publisher/share/mpu9250_publisher/hook/cmake_prefix_path.dsv'
[7.251s] INFO:colcon.colcon_core.shell:Creating environment hook '/home/hkn/mpu9250_ws/src/install/mpu9250_publisher/share/mpu9250_publisher/hook/cmake_prefix_path.sh'
[7.253s] Level 1:colcon.colcon_core.environment:checking '/home/hkn/mpu9250_ws/src/install/mpu9250_publisher/lib'
[7.253s] Level 1:colcon.colcon_core.environment:checking '/home/hkn/mpu9250_ws/src/install/mpu9250_publisher/bin'
[7.253s] Level 1:colcon.colcon_core.environment:checking '/home/hkn/mpu9250_ws/src/install/mpu9250_publisher/lib/pkgconfig/mpu9250_publisher.pc'
[7.253s] Level 1:colcon.colcon_core.environment:checking '/home/hkn/mpu9250_ws/src/install/mpu9250_publisher/lib/python3.10/site-packages'
[7.254s] Level 1:colcon.colcon_core.environment:checking '/home/hkn/mpu9250_ws/src/install/mpu9250_publisher/bin'
[7.254s] INFO:colcon.colcon_core.shell:Creating package script '/home/hkn/mpu9250_ws/src/install/mpu9250_publisher/share/mpu9250_publisher/package.ps1'
[7.256s] INFO:colcon.colcon_core.shell:Creating package descriptor '/home/hkn/mpu9250_ws/src/install/mpu9250_publisher/share/mpu9250_publisher/package.dsv'
[7.257s] INFO:colcon.colcon_core.shell:Creating package script '/home/hkn/mpu9250_ws/src/install/mpu9250_publisher/share/mpu9250_publisher/package.sh'
[7.259s] INFO:colcon.colcon_core.shell:Creating package script '/home/hkn/mpu9250_ws/src/install/mpu9250_publisher/share/mpu9250_publisher/package.bash'
[7.260s] INFO:colcon.colcon_core.shell:Creating package script '/home/hkn/mpu9250_ws/src/install/mpu9250_publisher/share/mpu9250_publisher/package.zsh'
[7.262s] Level 1:colcon.colcon_core.environment:create_file_with_runtime_dependencies(/home/hkn/mpu9250_ws/src/install/mpu9250_publisher/share/colcon-core/packages/mpu9250_publisher)
[7.300s] Level 1:colcon.colcon_core.environment:create_environment_scripts_only(mpu9250_publisher)
[7.301s] Level 1:colcon.colcon_core.environment:checking '/home/hkn/mpu9250_ws/src/install/mpu9250_publisher' for CMake module files
[7.301s] Level 1:colcon.colcon_core.environment:checking '/home/hkn/mpu9250_ws/src/install/mpu9250_publisher' for CMake config files
[7.302s] Level 1:colcon.colcon_core.shell:create_environment_hook('mpu9250_publisher', 'cmake_prefix_path')
[7.302s] INFO:colcon.colcon_core.shell:Creating environment hook '/home/hkn/mpu9250_ws/src/install/mpu9250_publisher/share/mpu9250_publisher/hook/cmake_prefix_path.ps1'
[7.303s] INFO:colcon.colcon_core.shell:Creating environment descriptor '/home/hkn/mpu9250_ws/src/install/mpu9250_publisher/share/mpu9250_publisher/hook/cmake_prefix_path.dsv'
[7.303s] INFO:colcon.colcon_core.shell:Creating environment hook '/home/hkn/mpu9250_ws/src/install/mpu9250_publisher/share/mpu9250_publisher/hook/cmake_prefix_path.sh'
[7.304s] Level 1:colcon.colcon_core.environment:checking '/home/hkn/mpu9250_ws/src/install/mpu9250_publisher/lib'
[7.304s] Level 1:colcon.colcon_core.environment:checking '/home/hkn/mpu9250_ws/src/install/mpu9250_publisher/bin'
[7.304s] Level 1:colcon.colcon_core.environment:checking '/home/hkn/mpu9250_ws/src/install/mpu9250_publisher/lib/pkgconfig/mpu9250_publisher.pc'
[7.304s] Level 1:colcon.colcon_core.environment:checking '/home/hkn/mpu9250_ws/src/install/mpu9250_publisher/lib/python3.10/site-packages'
[7.304s] Level 1:colcon.colcon_core.environment:checking '/home/hkn/mpu9250_ws/src/install/mpu9250_publisher/bin'
[7.305s] INFO:colcon.colcon_core.shell:Creating package script '/home/hkn/mpu9250_ws/src/install/mpu9250_publisher/share/mpu9250_publisher/package.ps1'
[7.305s] INFO:colcon.colcon_core.shell:Creating package descriptor '/home/hkn/mpu9250_ws/src/install/mpu9250_publisher/share/mpu9250_publisher/package.dsv'
[7.306s] INFO:colcon.colcon_core.shell:Creating package script '/home/hkn/mpu9250_ws/src/install/mpu9250_publisher/share/mpu9250_publisher/package.sh'
[7.307s] INFO:colcon.colcon_core.shell:Creating package script '/home/hkn/mpu9250_ws/src/install/mpu9250_publisher/share/mpu9250_publisher/package.bash'
[7.307s] INFO:colcon.colcon_core.shell:Creating package script '/home/hkn/mpu9250_ws/src/install/mpu9250_publisher/share/mpu9250_publisher/package.zsh'
[7.307s] Level 1:colcon.colcon_core.environment:create_file_with_runtime_dependencies(/home/hkn/mpu9250_ws/src/install/mpu9250_publisher/share/colcon-core/packages/mpu9250_publisher)
[7.308s] DEBUG:colcon.colcon_parallel_executor.executor.parallel:closing loop
[7.308s] DEBUG:colcon.colcon_parallel_executor.executor.parallel:loop closed
[7.308s] DEBUG:colcon.colcon_parallel_executor.executor.parallel:run_until_complete finished with '0'
[7.308s] DEBUG:colcon.colcon_core.event_reactor:joining thread
[7.322s] INFO:colcon.colcon_core.plugin_system:Skipping extension 'colcon_notification.desktop_notification.terminal_notifier': Not used on non-Darwin systems
[7.322s] INFO:colcon.colcon_core.plugin_system:Skipping extension 'colcon_notification.desktop_notification.win32': Not used on non-Windows systems
[7.322s] INFO:colcon.colcon_notification.desktop_notification:Sending desktop notification using 'notify2'
[7.341s] DEBUG:colcon.colcon_core.event_reactor:joined thread
[7.342s] INFO:colcon.colcon_core.shell:Creating prefix script '/home/hkn/mpu9250_ws/src/install/local_setup.ps1'
[7.344s] INFO:colcon.colcon_core.shell:Creating prefix util module '/home/hkn/mpu9250_ws/src/install/_local_setup_util_ps1.py'
[7.347s] INFO:colcon.colcon_core.shell:Creating prefix chain script '/home/hkn/mpu9250_ws/src/install/setup.ps1'
[7.349s] INFO:colcon.colcon_core.shell:Creating prefix script '/home/hkn/mpu9250_ws/src/install/local_setup.sh'
[7.350s] INFO:colcon.colcon_core.shell:Creating prefix util module '/home/hkn/mpu9250_ws/src/install/_local_setup_util_sh.py'
[7.352s] INFO:colcon.colcon_core.shell:Creating prefix chain script '/home/hkn/mpu9250_ws/src/install/setup.sh'
[7.355s] INFO:colcon.colcon_core.shell:Creating prefix script '/home/hkn/mpu9250_ws/src/install/local_setup.bash'
[7.356s] INFO:colcon.colcon_core.shell:Creating prefix chain script '/home/hkn/mpu9250_ws/src/install/setup.bash'
[7.358s] INFO:colcon.colcon_core.shell:Creating prefix script '/home/hkn/mpu9250_ws/src/install/local_setup.zsh'
[7.359s] INFO:colcon.colcon_core.shell:Creating prefix chain script '/home/hkn/mpu9250_ws/src/install/setup.zsh'
